{"C:\\Users\\ZUHAIR\\Downloads\\pokereact\\src\\App.tsx": {"path":"C:\\Users\\ZUHAIR\\Downloads\\pokereact\\src\\App.tsx","all":false,"statementMap":{"0":{"start":{"line":1,"column":0},"end":{"line":1,"column":40}},"1":{"start":{"line":2,"column":0},"end":{"line":2,"column":19}},"2":{"start":{"line":3,"column":0},"end":{"line":3,"column":41}},"3":{"start":{"line":4,"column":0},"end":{"line":4,"column":41}},"5":{"start":{"line":6,"column":0},"end":{"line":6,"column":29}},"6":{"start":{"line":7,"column":0},"end":{"line":7,"column":10}},"7":{"start":{"line":8,"column":0},"end":{"line":8,"column":25}},"8":{"start":{"line":9,"column":0},"end":{"line":9,"column":31}},"9":{"start":{"line":10,"column":0},"end":{"line":10,"column":16}},"10":{"start":{"line":11,"column":0},"end":{"line":11,"column":17}},"11":{"start":{"line":12,"column":0},"end":{"line":12,"column":16}},"12":{"start":{"line":13,"column":0},"end":{"line":13,"column":10}},"14":{"start":{"line":15,"column":0},"end":{"line":15,"column":2}},"16":{"start":{"line":17,"column":0},"end":{"line":17,"column":19}}},"s":{"0":1,"1":1,"2":1,"3":1,"5":1,"6":1,"7":1,"8":1,"9":1,"10":1,"11":1,"12":1,"14":1,"16":1},"branchMap":{"0":{"type":"branch","line":6,"loc":{"start":{"line":6,"column":22},"end":{"line":15,"column":2}},"locations":[{"start":{"line":6,"column":22},"end":{"line":15,"column":2}}]}},"b":{"0":[1]},"fnMap":{"0":{"name":"App","decl":{"start":{"line":6,"column":22},"end":{"line":15,"column":2}},"loc":{"start":{"line":6,"column":22},"end":{"line":15,"column":2}},"line":6}},"f":{"0":1}}
,"C:\\Users\\ZUHAIR\\Downloads\\pokereact\\src\\main.tsx": {"path":"C:\\Users\\ZUHAIR\\Downloads\\pokereact\\src\\main.tsx","all":true,"statementMap":{"0":{"start":{"line":1,"column":0},"end":{"line":1,"column":35}},"1":{"start":{"line":2,"column":0},"end":{"line":2,"column":46}},"2":{"start":{"line":3,"column":0},"end":{"line":3,"column":21}},"3":{"start":{"line":4,"column":0},"end":{"line":4,"column":28}},"4":{"start":{"line":5,"column":0},"end":{"line":5,"column":39}},"5":{"start":{"line":6,"column":0},"end":{"line":6,"column":42}},"7":{"start":{"line":8,"column":0},"end":{"line":8,"column":52}},"8":{"start":{"line":9,"column":0},"end":{"line":9,"column":14}},"9":{"start":{"line":10,"column":0},"end":{"line":10,"column":28}},"10":{"start":{"line":11,"column":0},"end":{"line":11,"column":13}},"11":{"start":{"line":12,"column":0},"end":{"line":12,"column":15}},"12":{"start":{"line":13,"column":0},"end":{"line":13,"column":15}},"13":{"start":{"line":14,"column":0},"end":{"line":14,"column":2}}},"s":{"0":0,"1":0,"2":0,"3":0,"4":0,"5":0,"7":0,"8":0,"9":0,"10":0,"11":0,"12":0,"13":0},"branchMap":{"0":{"type":"branch","line":1,"loc":{"start":{"line":1,"column":321},"end":{"line":14,"column":-257}},"locations":[{"start":{"line":1,"column":321},"end":{"line":14,"column":-257}}]}},"b":{"0":[0]},"fnMap":{"0":{"name":"(empty-report)","decl":{"start":{"line":1,"column":321},"end":{"line":14,"column":-257}},"loc":{"start":{"line":1,"column":321},"end":{"line":14,"column":-257}},"line":1}},"f":{"0":0}}
,"C:\\Users\\ZUHAIR\\Downloads\\pokereact\\src\\components\\Breadcrumb.tsx": {"path":"C:\\Users\\ZUHAIR\\Downloads\\pokereact\\src\\components\\Breadcrumb.tsx","all":false,"statementMap":{"0":{"start":{"line":1,"column":0},"end":{"line":1,"column":40}},"6":{"start":{"line":7,"column":0},"end":{"line":7,"column":51}},"7":{"start":{"line":8,"column":0},"end":{"line":8,"column":10}},"8":{"start":{"line":9,"column":0},"end":{"line":9,"column":32}},"9":{"start":{"line":10,"column":0},"end":{"line":10,"column":28}},"10":{"start":{"line":11,"column":0},"end":{"line":11,"column":36}},"11":{"start":{"line":12,"column":0},"end":{"line":12,"column":10}},"12":{"start":{"line":13,"column":0},"end":{"line":13,"column":14}},"13":{"start":{"line":14,"column":0},"end":{"line":14,"column":39}},"14":{"start":{"line":15,"column":0},"end":{"line":15,"column":10}},"16":{"start":{"line":17,"column":0},"end":{"line":17,"column":2}},"18":{"start":{"line":19,"column":0},"end":{"line":19,"column":26}}},"s":{"0":1,"6":1,"7":1,"8":1,"9":1,"10":1,"11":1,"12":1,"13":1,"14":1,"16":1,"18":1},"branchMap":{"0":{"type":"branch","line":7,"loc":{"start":{"line":7,"column":19},"end":{"line":17,"column":2}},"locations":[{"start":{"line":7,"column":19},"end":{"line":17,"column":2}}]}},"b":{"0":[1]},"fnMap":{"0":{"name":"Breadcrumb","decl":{"start":{"line":7,"column":19},"end":{"line":17,"column":2}},"loc":{"start":{"line":7,"column":19},"end":{"line":17,"column":2}},"line":7}},"f":{"0":1}}
,"C:\\Users\\ZUHAIR\\Downloads\\pokereact\\src\\components\\ErrorPage.tsx": {"path":"C:\\Users\\ZUHAIR\\Downloads\\pokereact\\src\\components\\ErrorPage.tsx","all":false,"statementMap":{"0":{"start":{"line":1,"column":0},"end":{"line":1,"column":51}},"2":{"start":{"line":3,"column":0},"end":{"line":3,"column":35}},"3":{"start":{"line":4,"column":0},"end":{"line":4,"column":10}},"4":{"start":{"line":5,"column":0},"end":{"line":5,"column":40}},"5":{"start":{"line":6,"column":0},"end":{"line":6,"column":44}},"6":{"start":{"line":7,"column":0},"end":{"line":7,"column":29}},"7":{"start":{"line":8,"column":0},"end":{"line":8,"column":53}},"8":{"start":{"line":9,"column":0},"end":{"line":9,"column":10}},"10":{"start":{"line":11,"column":0},"end":{"line":11,"column":2}},"12":{"start":{"line":13,"column":0},"end":{"line":13,"column":25}}},"s":{"0":1,"2":1,"3":1,"4":1,"5":1,"6":1,"7":1,"8":1,"10":1,"12":1},"branchMap":{"0":{"type":"branch","line":3,"loc":{"start":{"line":3,"column":28},"end":{"line":11,"column":2}},"locations":[{"start":{"line":3,"column":28},"end":{"line":11,"column":2}}]}},"b":{"0":[1]},"fnMap":{"0":{"name":"ErrorPage","decl":{"start":{"line":3,"column":28},"end":{"line":11,"column":2}},"loc":{"start":{"line":3,"column":28},"end":{"line":11,"column":2}},"line":3}},"f":{"0":1}}
,"C:\\Users\\ZUHAIR\\Downloads\\pokereact\\src\\components\\Footer.tsx": {"path":"C:\\Users\\ZUHAIR\\Downloads\\pokereact\\src\\components\\Footer.tsx","all":false,"statementMap":{"0":{"start":{"line":1,"column":0},"end":{"line":1,"column":43}},"1":{"start":{"line":2,"column":0},"end":{"line":2,"column":44}},"3":{"start":{"line":4,"column":0},"end":{"line":4,"column":32}},"4":{"start":{"line":5,"column":0},"end":{"line":5,"column":10}},"5":{"start":{"line":6,"column":0},"end":{"line":6,"column":28}},"6":{"start":{"line":7,"column":0},"end":{"line":7,"column":9}},"7":{"start":{"line":8,"column":0},"end":{"line":8,"column":28}},"8":{"start":{"line":9,"column":0},"end":{"line":9,"column":68}},"10":{"start":{"line":11,"column":0},"end":{"line":11,"column":17}},"12":{"start":{"line":13,"column":0},"end":{"line":13,"column":10}},"13":{"start":{"line":14,"column":0},"end":{"line":14,"column":57}},"14":{"start":{"line":15,"column":0},"end":{"line":15,"column":23}},"15":{"start":{"line":16,"column":0},"end":{"line":16,"column":10}},"17":{"start":{"line":18,"column":0},"end":{"line":18,"column":2}},"19":{"start":{"line":20,"column":0},"end":{"line":20,"column":22}}},"s":{"0":1,"1":1,"3":1,"4":1,"5":1,"6":1,"7":1,"8":1,"10":1,"12":1,"13":1,"14":1,"15":1,"17":1,"19":1},"branchMap":{"0":{"type":"branch","line":4,"loc":{"start":{"line":4,"column":25},"end":{"line":18,"column":2}},"locations":[{"start":{"line":4,"column":25},"end":{"line":18,"column":2}}]}},"b":{"0":[1]},"fnMap":{"0":{"name":"Footer","decl":{"start":{"line":4,"column":25},"end":{"line":18,"column":2}},"loc":{"start":{"line":4,"column":25},"end":{"line":18,"column":2}},"line":4}},"f":{"0":1}}
,"C:\\Users\\ZUHAIR\\Downloads\\pokereact\\src\\components\\Navbar.tsx": {"path":"C:\\Users\\ZUHAIR\\Downloads\\pokereact\\src\\components\\Navbar.tsx","all":false,"statementMap":{"0":{"start":{"line":1,"column":0},"end":{"line":1,"column":51}},"2":{"start":{"line":3,"column":0},"end":{"line":3,"column":32}},"3":{"start":{"line":4,"column":0},"end":{"line":4,"column":10}},"4":{"start":{"line":5,"column":0},"end":{"line":5,"column":28}},"5":{"start":{"line":6,"column":0},"end":{"line":6,"column":67}},"6":{"start":{"line":7,"column":0},"end":{"line":7,"column":58}},"7":{"start":{"line":8,"column":0},"end":{"line":8,"column":24}},"8":{"start":{"line":9,"column":0},"end":{"line":9,"column":10}},"10":{"start":{"line":11,"column":0},"end":{"line":11,"column":2}},"12":{"start":{"line":13,"column":0},"end":{"line":13,"column":22}}},"s":{"0":1,"2":1,"3":1,"4":1,"5":1,"6":1,"7":1,"8":1,"10":1,"12":1},"branchMap":{"0":{"type":"branch","line":3,"loc":{"start":{"line":3,"column":25},"end":{"line":11,"column":2}},"locations":[{"start":{"line":3,"column":25},"end":{"line":11,"column":2}}]}},"b":{"0":[1]},"fnMap":{"0":{"name":"Navbar","decl":{"start":{"line":3,"column":25},"end":{"line":11,"column":2}},"loc":{"start":{"line":3,"column":25},"end":{"line":11,"column":2}},"line":3}},"f":{"0":1}}
,"C:\\Users\\ZUHAIR\\Downloads\\pokereact\\src\\components\\PikachuCorner.tsx": {"path":"C:\\Users\\ZUHAIR\\Downloads\\pokereact\\src\\components\\PikachuCorner.tsx","all":false,"statementMap":{"0":{"start":{"line":1,"column":0},"end":{"line":1,"column":47}},"2":{"start":{"line":3,"column":0},"end":{"line":3,"column":39}},"3":{"start":{"line":4,"column":0},"end":{"line":4,"column":10}},"4":{"start":{"line":5,"column":0},"end":{"line":5,"column":40}},"5":{"start":{"line":6,"column":0},"end":{"line":6,"column":21}},"6":{"start":{"line":7,"column":0},"end":{"line":7,"column":44}},"7":{"start":{"line":8,"column":0},"end":{"line":8,"column":10}},"9":{"start":{"line":10,"column":0},"end":{"line":10,"column":2}},"11":{"start":{"line":12,"column":0},"end":{"line":12,"column":29}}},"s":{"0":1,"2":1,"3":1,"4":1,"5":1,"6":1,"7":1,"9":1,"11":1},"branchMap":{"0":{"type":"branch","line":3,"loc":{"start":{"line":3,"column":32},"end":{"line":10,"column":2}},"locations":[{"start":{"line":3,"column":32},"end":{"line":10,"column":2}}]}},"b":{"0":[1]},"fnMap":{"0":{"name":"PikachuCorner","decl":{"start":{"line":3,"column":32},"end":{"line":10,"column":2}},"loc":{"start":{"line":3,"column":32},"end":{"line":10,"column":2}},"line":3}},"f":{"0":1}}
,"C:\\Users\\ZUHAIR\\Downloads\\pokereact\\src\\components\\PokeItem.tsx": {"path":"C:\\Users\\ZUHAIR\\Downloads\\pokereact\\src\\components\\PokeItem.tsx","all":false,"statementMap":{"0":{"start":{"line":1,"column":0},"end":{"line":1,"column":47}},"2":{"start":{"line":3,"column":0},"end":{"line":3,"column":63}},"3":{"start":{"line":4,"column":0},"end":{"line":4,"column":56}},"4":{"start":{"line":5,"column":0},"end":{"line":5,"column":46}},"10":{"start":{"line":11,"column":0},"end":{"line":11,"column":60}},"11":{"start":{"line":12,"column":0},"end":{"line":12,"column":33}},"12":{"start":{"line":13,"column":0},"end":{"line":13,"column":73}},"13":{"start":{"line":14,"column":0},"end":{"line":14,"column":16}},"14":{"start":{"line":15,"column":0},"end":{"line":15,"column":4}},"15":{"start":{"line":16,"column":0},"end":{"line":16,"column":39}},"17":{"start":{"line":18,"column":0},"end":{"line":18,"column":70}},"19":{"start":{"line":20,"column":0},"end":{"line":20,"column":38}},"20":{"start":{"line":21,"column":0},"end":{"line":21,"column":33}},"21":{"start":{"line":22,"column":0},"end":{"line":22,"column":4}},"22":{"start":{"line":23,"column":0},"end":{"line":23,"column":10}},"23":{"start":{"line":24,"column":0},"end":{"line":24,"column":7}},"24":{"start":{"line":25,"column":0},"end":{"line":25,"column":27}},"25":{"start":{"line":26,"column":0},"end":{"line":26,"column":24}},"26":{"start":{"line":27,"column":0},"end":{"line":27,"column":44}},"27":{"start":{"line":28,"column":0},"end":{"line":28,"column":14}},"28":{"start":{"line":29,"column":0},"end":{"line":29,"column":75}},"29":{"start":{"line":30,"column":0},"end":{"line":30,"column":8}},"31":{"start":{"line":32,"column":0},"end":{"line":32,"column":20}},"32":{"start":{"line":33,"column":0},"end":{"line":33,"column":72}},"34":{"start":{"line":35,"column":0},"end":{"line":35,"column":12}},"35":{"start":{"line":36,"column":0},"end":{"line":36,"column":21}},"36":{"start":{"line":37,"column":0},"end":{"line":37,"column":28}},"37":{"start":{"line":38,"column":0},"end":{"line":38,"column":35}},"38":{"start":{"line":39,"column":0},"end":{"line":39,"column":24}},"39":{"start":{"line":40,"column":0},"end":{"line":40,"column":10}},"41":{"start":{"line":42,"column":0},"end":{"line":42,"column":27}},"42":{"start":{"line":43,"column":0},"end":{"line":43,"column":9}},"44":{"start":{"line":45,"column":0},"end":{"line":45,"column":2}},"46":{"start":{"line":47,"column":0},"end":{"line":47,"column":24}}},"s":{"0":1,"2":1,"3":1,"4":1,"10":1,"11":2,"12":2,"13":2,"14":2,"15":2,"17":2,"19":2,"20":0,"21":0,"22":2,"23":2,"24":2,"25":2,"26":2,"27":2,"28":2,"29":2,"31":2,"32":0,"34":2,"35":2,"36":2,"37":2,"38":2,"39":2,"41":2,"42":2,"44":2,"46":1},"branchMap":{"0":{"type":"branch","line":11,"loc":{"start":{"line":11,"column":42},"end":{"line":45,"column":2}},"locations":[{"start":{"line":11,"column":42},"end":{"line":45,"column":2}}]},"1":{"type":"branch","line":18,"loc":{"start":{"line":18,"column":57},"end":{"line":18,"column":68}},"locations":[{"start":{"line":18,"column":57},"end":{"line":18,"column":68}}]},"2":{"type":"branch","line":32,"loc":{"start":{"line":32,"column":7},"end":{"line":33,"column":72}},"locations":[{"start":{"line":32,"column":7},"end":{"line":33,"column":72}}]}},"b":{"0":[2],"1":[0],"2":[0]},"fnMap":{"0":{"name":"PokeItem","decl":{"start":{"line":11,"column":42},"end":{"line":45,"column":2}},"loc":{"start":{"line":11,"column":42},"end":{"line":45,"column":2}},"line":11},"1":{"name":"goToPoke","decl":{"start":{"line":20,"column":19},"end":{"line":22,"column":4}},"loc":{"start":{"line":20,"column":19},"end":{"line":22,"column":4}},"line":20},"2":{"name":"onClick","decl":{"start":{"line":27,"column":15},"end":{"line":27,"column":44}},"loc":{"start":{"line":27,"column":15},"end":{"line":27,"column":44}},"line":27}},"f":{"0":2,"1":0,"2":0}}
,"C:\\Users\\ZUHAIR\\Downloads\\pokereact\\src\\components\\PokemonDetail.tsx": {"path":"C:\\Users\\ZUHAIR\\Downloads\\pokereact\\src\\components\\PokemonDetail.tsx","all":false,"statementMap":{"1":{"start":{"line":2,"column":0},"end":{"line":2,"column":45}},"2":{"start":{"line":3,"column":0},"end":{"line":3,"column":63}},"3":{"start":{"line":4,"column":0},"end":{"line":4,"column":56}},"4":{"start":{"line":5,"column":0},"end":{"line":5,"column":38}},"6":{"start":{"line":7,"column":0},"end":{"line":7,"column":39}},"7":{"start":{"line":8,"column":0},"end":{"line":8,"column":49}},"8":{"start":{"line":9,"column":0},"end":{"line":9,"column":74}},"9":{"start":{"line":10,"column":0},"end":{"line":10,"column":57}},"10":{"start":{"line":11,"column":0},"end":{"line":11,"column":38}},"11":{"start":{"line":12,"column":0},"end":{"line":12,"column":4}},"13":{"start":{"line":14,"column":0},"end":{"line":14,"column":68}},"14":{"start":{"line":15,"column":0},"end":{"line":15,"column":75}},"15":{"start":{"line":16,"column":0},"end":{"line":16,"column":71}},"17":{"start":{"line":18,"column":0},"end":{"line":18,"column":10}},"18":{"start":{"line":19,"column":0},"end":{"line":19,"column":39}},"19":{"start":{"line":20,"column":0},"end":{"line":20,"column":38}},"20":{"start":{"line":21,"column":0},"end":{"line":21,"column":10}},"21":{"start":{"line":22,"column":0},"end":{"line":22,"column":22}},"22":{"start":{"line":23,"column":0},"end":{"line":23,"column":16}},"23":{"start":{"line":24,"column":0},"end":{"line":24,"column":126}},"24":{"start":{"line":25,"column":0},"end":{"line":25,"column":10}},"25":{"start":{"line":26,"column":0},"end":{"line":26,"column":42}},"26":{"start":{"line":27,"column":0},"end":{"line":27,"column":24}},"27":{"start":{"line":28,"column":0},"end":{"line":28,"column":8}},"28":{"start":{"line":29,"column":0},"end":{"line":29,"column":27}},"29":{"start":{"line":30,"column":0},"end":{"line":30,"column":28}},"30":{"start":{"line":31,"column":0},"end":{"line":31,"column":22}},"31":{"start":{"line":32,"column":0},"end":{"line":32,"column":29}},"32":{"start":{"line":33,"column":0},"end":{"line":33,"column":22}},"33":{"start":{"line":34,"column":0},"end":{"line":34,"column":29}},"34":{"start":{"line":35,"column":0},"end":{"line":35,"column":21}},"35":{"start":{"line":36,"column":0},"end":{"line":36,"column":38}},"36":{"start":{"line":37,"column":0},"end":{"line":37,"column":36}},"37":{"start":{"line":38,"column":0},"end":{"line":38,"column":14}},"38":{"start":{"line":39,"column":0},"end":{"line":39,"column":31}},"39":{"start":{"line":40,"column":0},"end":{"line":40,"column":22}},"40":{"start":{"line":41,"column":0},"end":{"line":41,"column":45}},"41":{"start":{"line":42,"column":0},"end":{"line":42,"column":16}},"42":{"start":{"line":43,"column":0},"end":{"line":43,"column":30}},"44":{"start":{"line":45,"column":0},"end":{"line":45,"column":27}},"45":{"start":{"line":46,"column":0},"end":{"line":46,"column":16}},"46":{"start":{"line":47,"column":0},"end":{"line":47,"column":13}},"47":{"start":{"line":48,"column":0},"end":{"line":48,"column":14}},"48":{"start":{"line":49,"column":0},"end":{"line":49,"column":12}},"49":{"start":{"line":50,"column":0},"end":{"line":50,"column":10}},"51":{"start":{"line":52,"column":0},"end":{"line":52,"column":2}},"53":{"start":{"line":54,"column":0},"end":{"line":54,"column":29}}},"s":{"1":1,"2":1,"3":1,"4":1,"6":1,"7":3,"8":3,"9":3,"10":3,"11":3,"13":3,"14":3,"15":3,"17":1,"18":1,"19":3,"20":3,"21":3,"22":3,"23":3,"24":3,"25":3,"26":3,"27":3,"28":3,"29":3,"30":3,"31":3,"32":3,"33":3,"34":3,"35":3,"36":3,"37":1,"38":1,"39":1,"40":1,"41":1,"42":1,"44":1,"45":1,"46":3,"47":3,"48":3,"49":3,"51":3,"53":1},"branchMap":{"0":{"type":"branch","line":7,"loc":{"start":{"line":7,"column":32},"end":{"line":52,"column":2}},"locations":[{"start":{"line":7,"column":32},"end":{"line":52,"column":2}}]},"1":{"type":"branch","line":9,"loc":{"start":{"line":9,"column":62},"end":{"line":9,"column":72}},"locations":[{"start":{"line":9,"column":62},"end":{"line":9,"column":72}}]},"2":{"type":"branch","line":11,"loc":{"start":{"line":11,"column":4},"end":{"line":11,"column":36}},"locations":[{"start":{"line":11,"column":4},"end":{"line":11,"column":36}}]},"3":{"type":"branch","line":11,"loc":{"start":{"line":11,"column":19},"end":{"line":11,"column":38}},"locations":[{"start":{"line":11,"column":19},"end":{"line":11,"column":38}}]},"4":{"type":"branch","line":14,"loc":{"start":{"line":14,"column":17},"end":{"line":14,"column":68}},"locations":[{"start":{"line":14,"column":17},"end":{"line":14,"column":68}}]},"5":{"type":"branch","line":14,"loc":{"start":{"line":14,"column":61},"end":{"line":15,"column":20}},"locations":[{"start":{"line":14,"column":61},"end":{"line":15,"column":20}}]},"6":{"type":"branch","line":15,"loc":{"start":{"line":15,"column":13},"end":{"line":16,"column":20}},"locations":[{"start":{"line":15,"column":13},"end":{"line":16,"column":20}}]},"7":{"type":"branch","line":16,"loc":{"start":{"line":16,"column":13},"end":{"line":16,"column":71}},"locations":[{"start":{"line":16,"column":13},"end":{"line":16,"column":71}}]},"8":{"type":"branch","line":16,"loc":{"start":{"line":16,"column":64},"end":{"line":20,"column":36}},"locations":[{"start":{"line":16,"column":64},"end":{"line":20,"column":36}}]},"9":{"type":"branch","line":26,"loc":{"start":{"line":26,"column":13},"end":{"line":26,"column":42}},"locations":[{"start":{"line":26,"column":13},"end":{"line":26,"column":42}}]},"10":{"type":"branch","line":27,"loc":{"start":{"line":27,"column":13},"end":{"line":27,"column":24}},"locations":[{"start":{"line":27,"column":13},"end":{"line":27,"column":24}}]},"11":{"type":"branch","line":29,"loc":{"start":{"line":29,"column":11},"end":{"line":29,"column":22}},"locations":[{"start":{"line":29,"column":11},"end":{"line":29,"column":22}}]},"12":{"type":"branch","line":32,"loc":{"start":{"line":32,"column":12},"end":{"line":32,"column":25}},"locations":[{"start":{"line":32,"column":12},"end":{"line":32,"column":25}}]},"13":{"type":"branch","line":34,"loc":{"start":{"line":34,"column":12},"end":{"line":34,"column":25}},"locations":[{"start":{"line":34,"column":12},"end":{"line":34,"column":25}}]},"14":{"type":"branch","line":37,"loc":{"start":{"line":37,"column":11},"end":{"line":37,"column":28}},"locations":[{"start":{"line":37,"column":11},"end":{"line":37,"column":28}}]},"15":{"type":"branch","line":37,"loc":{"start":{"line":37,"column":28},"end":{"line":46,"column":16}},"locations":[{"start":{"line":37,"column":28},"end":{"line":46,"column":16}}]}},"b":{"0":[3],"1":[0],"2":[1],"3":[2],"4":[1],"5":[2],"6":[1],"7":[0],"8":[1],"9":[1],"10":[1],"11":[1],"12":[1],"13":[1],"14":[1],"15":[1]},"fnMap":{"0":{"name":"PokemonDetail","decl":{"start":{"line":7,"column":32},"end":{"line":52,"column":2}},"loc":{"start":{"line":7,"column":32},"end":{"line":52,"column":2}},"line":7}},"f":{"0":3}}
,"C:\\Users\\ZUHAIR\\Downloads\\pokereact\\src\\components\\PokemonList.tsx": {"path":"C:\\Users\\ZUHAIR\\Downloads\\pokereact\\src\\components\\PokemonList.tsx","all":false,"statementMap":{"0":{"start":{"line":1,"column":0},"end":{"line":1,"column":46}},"1":{"start":{"line":2,"column":0},"end":{"line":2,"column":61}},"4":{"start":{"line":5,"column":0},"end":{"line":5,"column":50}},"6":{"start":{"line":7,"column":0},"end":{"line":7,"column":37}},"7":{"start":{"line":8,"column":0},"end":{"line":8,"column":62}},"9":{"start":{"line":10,"column":0},"end":{"line":10,"column":68}},"10":{"start":{"line":11,"column":0},"end":{"line":11,"column":75}},"12":{"start":{"line":13,"column":0},"end":{"line":13,"column":46}},"14":{"start":{"line":15,"column":0},"end":{"line":15,"column":10}},"15":{"start":{"line":16,"column":0},"end":{"line":16,"column":39}},"16":{"start":{"line":17,"column":0},"end":{"line":17,"column":29}},"17":{"start":{"line":18,"column":0},"end":{"line":18,"column":12}},"18":{"start":{"line":19,"column":0},"end":{"line":19,"column":67}},"19":{"start":{"line":20,"column":0},"end":{"line":20,"column":48}},"20":{"start":{"line":21,"column":0},"end":{"line":21,"column":63}},"21":{"start":{"line":22,"column":0},"end":{"line":22,"column":15}},"22":{"start":{"line":23,"column":0},"end":{"line":23,"column":21}},"23":{"start":{"line":24,"column":0},"end":{"line":24,"column":13}},"25":{"start":{"line":26,"column":0},"end":{"line":26,"column":61}},"27":{"start":{"line":28,"column":0},"end":{"line":28,"column":10}},"29":{"start":{"line":30,"column":0},"end":{"line":30,"column":2}},"31":{"start":{"line":32,"column":0},"end":{"line":32,"column":27}}},"s":{"0":1,"1":1,"4":1,"6":1,"7":5,"9":5,"10":5,"12":5,"14":5,"15":5,"16":5,"17":1,"18":1,"19":1,"20":2,"21":1,"22":1,"23":1,"25":2,"27":5,"29":5,"31":1},"branchMap":{"0":{"type":"branch","line":5,"loc":{"start":{"line":5,"column":22},"end":{"line":5,"column":50}},"locations":[{"start":{"line":5,"column":22},"end":{"line":5,"column":50}}]},"1":{"type":"branch","line":7,"loc":{"start":{"line":7,"column":30},"end":{"line":30,"column":2}},"locations":[{"start":{"line":7,"column":30},"end":{"line":30,"column":2}}]},"2":{"type":"branch","line":10,"loc":{"start":{"line":10,"column":17},"end":{"line":10,"column":68}},"locations":[{"start":{"line":10,"column":17},"end":{"line":10,"column":68}}]},"3":{"type":"branch","line":10,"loc":{"start":{"line":10,"column":61},"end":{"line":11,"column":20}},"locations":[{"start":{"line":10,"column":61},"end":{"line":11,"column":20}}]},"4":{"type":"branch","line":11,"loc":{"start":{"line":11,"column":13},"end":{"line":11,"column":75}},"locations":[{"start":{"line":11,"column":13},"end":{"line":11,"column":75}}]},"5":{"type":"branch","line":11,"loc":{"start":{"line":11,"column":68},"end":{"line":13,"column":30}},"locations":[{"start":{"line":11,"column":68},"end":{"line":13,"column":30}}]},"6":{"type":"branch","line":13,"loc":{"start":{"line":13,"column":22},"end":{"line":13,"column":46}},"locations":[{"start":{"line":13,"column":22},"end":{"line":13,"column":46}}]},"7":{"type":"branch","line":17,"loc":{"start":{"line":17,"column":24},"end":{"line":24,"column":13}},"locations":[{"start":{"line":17,"column":24},"end":{"line":24,"column":13}}]},"8":{"type":"branch","line":24,"loc":{"start":{"line":24,"column":8},"end":{"line":26,"column":61}},"locations":[{"start":{"line":24,"column":8},"end":{"line":26,"column":61}}]},"9":{"type":"branch","line":20,"loc":{"start":{"line":20,"column":25},"end":{"line":21,"column":63}},"locations":[{"start":{"line":20,"column":25},"end":{"line":21,"column":63}}]}},"b":{"0":[1],"1":[5],"2":[1],"3":[4],"4":[1],"5":[3],"6":[0],"7":[1],"8":[2],"9":[2]},"fnMap":{"0":{"name":"PokemonList","decl":{"start":{"line":7,"column":30},"end":{"line":30,"column":2}},"loc":{"start":{"line":7,"column":30},"end":{"line":30,"column":2}},"line":7}},"f":{"0":5}}
,"C:\\Users\\ZUHAIR\\Downloads\\pokereact\\src\\routers\\Routers.tsx": {"path":"C:\\Users\\ZUHAIR\\Downloads\\pokereact\\src\\routers\\Routers.tsx","all":false,"statementMap":{"0":{"start":{"line":1,"column":0},"end":{"line":1,"column":74}},"1":{"start":{"line":2,"column":0},"end":{"line":2,"column":52}},"2":{"start":{"line":3,"column":0},"end":{"line":3,"column":56}},"3":{"start":{"line":4,"column":0},"end":{"line":4,"column":48}},"5":{"start":{"line":6,"column":0},"end":{"line":6,"column":33}},"6":{"start":{"line":7,"column":0},"end":{"line":7,"column":10}},"7":{"start":{"line":8,"column":0},"end":{"line":8,"column":12}},"8":{"start":{"line":9,"column":0},"end":{"line":9,"column":14}},"9":{"start":{"line":10,"column":0},"end":{"line":10,"column":52}},"10":{"start":{"line":11,"column":0},"end":{"line":11,"column":67}},"11":{"start":{"line":12,"column":0},"end":{"line":12,"column":50}},"12":{"start":{"line":13,"column":0},"end":{"line":13,"column":15}},"13":{"start":{"line":14,"column":0},"end":{"line":14,"column":13}},"15":{"start":{"line":16,"column":0},"end":{"line":16,"column":2}},"17":{"start":{"line":18,"column":0},"end":{"line":18,"column":23}}},"s":{"0":1,"1":1,"2":1,"3":1,"5":1,"6":1,"7":1,"8":1,"9":1,"10":1,"11":1,"12":1,"13":1,"15":1,"17":1},"branchMap":{"0":{"type":"branch","line":6,"loc":{"start":{"line":6,"column":26},"end":{"line":16,"column":2}},"locations":[{"start":{"line":6,"column":26},"end":{"line":16,"column":2}}]}},"b":{"0":[1]},"fnMap":{"0":{"name":"Routers","decl":{"start":{"line":6,"column":26},"end":{"line":16,"column":2}},"loc":{"start":{"line":6,"column":26},"end":{"line":16,"column":2}},"line":6}},"f":{"0":1}}
,"C:\\Users\\ZUHAIR\\Downloads\\pokereact\\src\\store\\pokemonApi.ts": {"path":"C:\\Users\\ZUHAIR\\Downloads\\pokereact\\src\\store\\pokemonApi.ts","all":false,"statementMap":{"0":{"start":{"line":1,"column":0},"end":{"line":1,"column":73}},"3":{"start":{"line":4,"column":0},"end":{"line":4,"column":37}},"4":{"start":{"line":5,"column":0},"end":{"line":5,"column":28}},"5":{"start":{"line":6,"column":0},"end":{"line":6,"column":71}},"6":{"start":{"line":7,"column":0},"end":{"line":7,"column":28}},"7":{"start":{"line":8,"column":0},"end":{"line":8,"column":60}},"8":{"start":{"line":9,"column":0},"end":{"line":9,"column":30}},"9":{"start":{"line":10,"column":0},"end":{"line":10,"column":7}},"10":{"start":{"line":11,"column":0},"end":{"line":11,"column":60}},"11":{"start":{"line":12,"column":0},"end":{"line":12,"column":42}},"12":{"start":{"line":13,"column":0},"end":{"line":13,"column":7}},"13":{"start":{"line":14,"column":0},"end":{"line":14,"column":5}},"14":{"start":{"line":15,"column":0},"end":{"line":15,"column":3}},"16":{"start":{"line":17,"column":0},"end":{"line":17,"column":79}}},"s":{"0":1,"3":1,"4":1,"5":1,"6":1,"7":2,"8":2,"9":2,"10":2,"11":2,"12":2,"13":2,"14":1,"16":1},"branchMap":{"0":{"type":"branch","line":7,"loc":{"start":{"line":7,"column":13},"end":{"line":14,"column":5}},"locations":[{"start":{"line":7,"column":13},"end":{"line":14,"column":5}}]}},"b":{"0":[2]},"fnMap":{"0":{"name":"endpoints","decl":{"start":{"line":7,"column":13},"end":{"line":14,"column":5}},"loc":{"start":{"line":7,"column":13},"end":{"line":14,"column":5}},"line":7},"1":{"name":"query","decl":{"start":{"line":9,"column":13},"end":{"line":9,"column":30}},"loc":{"start":{"line":9,"column":13},"end":{"line":9,"column":30}},"line":9},"2":{"name":"query","decl":{"start":{"line":12,"column":13},"end":{"line":12,"column":42}},"loc":{"start":{"line":12,"column":13},"end":{"line":12,"column":42}},"line":12}},"f":{"0":2,"1":0,"2":0}}
,"C:\\Users\\ZUHAIR\\Downloads\\pokereact\\src\\store\\store.tsx": {"path":"C:\\Users\\ZUHAIR\\Downloads\\pokereact\\src\\store\\store.tsx","all":true,"statementMap":{"0":{"start":{"line":1,"column":0},"end":{"line":1,"column":50}},"1":{"start":{"line":2,"column":0},"end":{"line":2,"column":42}},"2":{"start":{"line":3,"column":0},"end":{"line":3,"column":61}},"3":{"start":{"line":4,"column":0},"end":{"line":4,"column":48}},"4":{"start":{"line":5,"column":0},"end":{"line":5,"column":40}},"6":{"start":{"line":7,"column":0},"end":{"line":7,"column":23}},"7":{"start":{"line":8,"column":0},"end":{"line":8,"column":14}},"8":{"start":{"line":9,"column":0},"end":{"line":9,"column":10}},"9":{"start":{"line":10,"column":0},"end":{"line":10,"column":2}},"11":{"start":{"line":12,"column":0},"end":{"line":12,"column":37}},"12":{"start":{"line":13,"column":0},"end":{"line":13,"column":47}},"13":{"start":{"line":14,"column":0},"end":{"line":14,"column":3}},"15":{"start":{"line":16,"column":0},"end":{"line":16,"column":68}},"17":{"start":{"line":18,"column":0},"end":{"line":18,"column":37}},"18":{"start":{"line":19,"column":0},"end":{"line":19,"column":28}},"19":{"start":{"line":20,"column":0},"end":{"line":20,"column":39}},"20":{"start":{"line":21,"column":0},"end":{"line":21,"column":26}},"21":{"start":{"line":22,"column":0},"end":{"line":22,"column":28}},"22":{"start":{"line":23,"column":0},"end":{"line":23,"column":31}},"23":{"start":{"line":24,"column":0},"end":{"line":24,"column":37}},"24":{"start":{"line":25,"column":0},"end":{"line":25,"column":3}},"26":{"start":{"line":27,"column":0},"end":{"line":27,"column":45}}},"s":{"0":0,"1":0,"2":0,"3":0,"4":0,"6":0,"7":0,"8":0,"9":0,"11":0,"12":0,"13":0,"15":0,"17":0,"18":0,"19":0,"20":0,"21":0,"22":0,"23":0,"24":0,"26":0},"branchMap":{"0":{"type":"branch","line":1,"loc":{"start":{"line":1,"column":0},"end":{"line":30,"column":-388}},"locations":[{"start":{"line":1,"column":0},"end":{"line":30,"column":-388}}]}},"b":{"0":[0]},"fnMap":{"0":{"name":"(empty-report)","decl":{"start":{"line":1,"column":0},"end":{"line":30,"column":-388}},"loc":{"start":{"line":1,"column":0},"end":{"line":30,"column":-388}},"line":1}},"f":{"0":0}}
,"C:\\Users\\ZUHAIR\\Downloads\\pokereact\\src\\types\\index.ts": {"path":"C:\\Users\\ZUHAIR\\Downloads\\pokereact\\src\\types\\index.ts","all":true,"statementMap":{},"s":{},"branchMap":{"0":{"type":"branch","line":1,"loc":{"start":{"line":1,"column":343},"end":{"line":23,"column":1}},"locations":[{"start":{"line":1,"column":343},"end":{"line":23,"column":1}}]}},"b":{"0":[1]},"fnMap":{"0":{"name":"(empty-report)","decl":{"start":{"line":1,"column":343},"end":{"line":23,"column":1}},"loc":{"start":{"line":1,"column":343},"end":{"line":23,"column":1}},"line":1}},"f":{"0":1}}
}
